Jul 15, 2024 10:49:28 AM com.google.cloud.datastore.emulator.firestore.websocket.WebSocketServer start
INFO: Started WebSocket server on ws://127.0.0.1:9150
API endpoint: http://127.0.0.1:8080
If you are using a library that supports the FIRESTORE_EMULATOR_HOST environment variable, run:

   export FIRESTORE_EMULATOR_HOST=127.0.0.1:8080

If you are running a Firestore in Datastore Mode project, run:

   export DATASTORE_EMULATOR_HOST=127.0.0.1:8080

Note: Support for Datastore Mode is in preview. If you encounter any bugs please file at https://github.com/firebase/firebase-tools/issues.
Dev App Server is now running.

Jul 15, 2024 10:49:29 AM com.google.cloud.datastore.emulator.firestore.websocket.WebSocketChannelHandler initChannel
INFO: Connected to new websocket client
Jul 15, 2024 10:49:29 AM io.gapi.emulators.netty.HttpVersionRoutingHandler channelRead
INFO: Detected non-HTTP/2 connection.
Jul 15, 2024 10:49:29 AM io.gapi.emulators.netty.HttpVersionRoutingHandler channelRead
INFO: Detected HTTP/2 connection.
Jul 15, 2024 10:49:31 AM com.google.cloud.datastore.emulator.firestore.websocket.WebSocketChannelHandler channelClosed
INFO: Websocket client disconnected
Jul 15, 2024 10:49:31 AM com.google.cloud.datastore.emulator.firestore.websocket.WebSocketChannelHandler initChannel
INFO: Connected to new websocket client
Jul 15, 2024 10:49:32 AM com.google.cloud.datastore.emulator.firestore.websocket.WebSocketChannelHandler channelClosed
INFO: Websocket client disconnected
Jul 15, 2024 10:49:32 AM com.google.cloud.datastore.emulator.firestore.websocket.WebSocketChannelHandler initChannel
INFO: Connected to new websocket client
Jul 15, 2024 11:00:10 AM com.google.cloud.datastore.emulator.firestore.websocket.WebSocketChannelHandler channelClosed
INFO: Websocket client disconnected
Jul 15, 2024 11:00:10 AM com.google.cloud.datastore.emulator.firestore.websocket.WebSocketChannelHandler initChannel
INFO: Connected to new websocket client
Jul 15, 2024 11:18:41 AM io.gapi.emulators.netty.HttpVersionRoutingHandler channelRead
INFO: Detected HTTP/2 connection.
Jul 15, 2024 11:19:57 AM io.gapi.emulators.netty.HttpVersionRoutingHandler channelRead
INFO: Detected HTTP/2 connection.
Jul 15, 2024 11:20:52 AM io.gapi.emulators.netty.HttpVersionRoutingHandler channelRead
INFO: Detected HTTP/2 connection.
Jul 15, 2024 11:21:27 AM io.gapi.emulators.netty.HttpVersionRoutingHandler channelRead
INFO: Detected non-HTTP/2 connection.
Jul 15, 2024 11:21:27 AM io.gapi.emulators.netty.HttpVersionRoutingHandler channelRead
INFO: Detected HTTP/2 connection.
Jul 15, 2024 11:21:27 AM io.gapi.emulators.netty.HttpVersionRoutingHandler channelRead
INFO: Detected non-HTTP/2 connection.
Jul 15, 2024 11:21:27 AM io.gapi.emulators.netty.HttpVersionRoutingHandler channelRead
INFO: Detected non-HTTP/2 connection.
Jul 15, 2024 11:21:28 AM io.gapi.emulators.netty.HttpVersionRoutingHandler channelRead
INFO: Detected non-HTTP/2 connection.
Jul 15, 2024 11:21:29 AM io.gapi.emulators.netty.HttpVersionRoutingHandler channelRead
INFO: Detected non-HTTP/2 connection.
Jul 15, 2024 11:21:30 AM io.gapi.emulators.netty.HttpVersionRoutingHandler channelRead
INFO: Detected non-HTTP/2 connection.
Jul 15, 2024 11:21:30 AM com.google.cloud.datastore.emulator.impl.util.WrappedStreamObserver onError
WARNING: Operation failed: Document parent name "projects/mental-workload-app/databases/(default)/documents/tbl_users/ANAaqvzIjAam0xdTFVnUYql2XYS2/mwl" lacks "/" at index 101.
com.google.cloud.datastore.core.exception.InvalidConversionException: Document parent name "projects/mental-workload-app/databases/(default)/documents/tbl_users/ANAaqvzIjAam0xdTFVnUYql2XYS2/mwl" lacks "/" at index 101.
	at com.google.cloud.datastore.core.exception.InvalidConversionException.checkConversion(InvalidConversionException.java:51)
	at com.google.cloud.datastore.core.firestorev1.converter.FirestoreV1ResourceNameParser.parseSlashAllowTrailing(FirestoreV1ResourceNameParser.java:132)
	at com.google.cloud.datastore.core.firestorev1.converter.FirestoreV1ResourceNameParser.parseSlash(FirestoreV1ResourceNameParser.java:127)
	at com.google.cloud.datastore.core.firestorev1.converter.FirestoreV1ResourceRefToRepConverter.parsePath(FirestoreV1ResourceRefToRepConverter.java:306)
	at com.google.cloud.datastore.core.firestorev1.converter.FirestoreV1ResourceRefToRepConverter.convertEntityParentRefAllowFirestoreRelative(FirestoreV1ResourceRefToRepConverter.java:87)
	at com.google.cloud.datastore.core.firestorev1.converter.FirestoreV1RequestToRepConverter.constructNewEntityRef(FirestoreV1RequestToRepConverter.java:449)
	at com.google.cloud.datastore.emulator.impl.util.FirestoreEmulatorConverters.toEntityRef(FirestoreEmulatorConverters.java:495)
	at com.google.cloud.datastore.emulator.impl.firestore.CloudFirestoreV1Router.inferDatabaseRef(CloudFirestoreV1Router.java:507)
	at com.google.cloud.datastore.emulator.impl.firestore.CloudFirestoreV1Router.createDocument(CloudFirestoreV1Router.java:138)
	at com.google.cloud.datastore.emulator.firestore.v1.FirestoreV1GrpcAdapter$1.lambda$createDocument$3(FirestoreV1GrpcAdapter.java:124)
	at com.google.cloud.datastore.emulator.firestore.v1.FirestoreV1GrpcAdapter.unary(FirestoreV1GrpcAdapter.java:70)
	at com.google.cloud.datastore.emulator.firestore.v1.FirestoreV1GrpcAdapter$1.createDocument(FirestoreV1GrpcAdapter.java:124)
	at com.google.firestore.v1.FirestoreGrpc$MethodHandlers.invoke(FirestoreGrpc.java:1266)
	at io.grpc.stub.ServerCalls$UnaryServerCallHandler$UnaryServerCallListener.onHalfClose(ServerCalls.java:182)
	at io.grpc.PartialForwardingServerCallListener.onHalfClose(PartialForwardingServerCallListener.java:35)
	at io.grpc.ForwardingServerCallListener.onHalfClose(ForwardingServerCallListener.java:23)
	at io.grpc.ForwardingServerCallListener$SimpleForwardingServerCallListener.onHalfClose(ForwardingServerCallListener.java:40)
	at io.grpc.Contexts$ContextualizedServerCallListener.onHalfClose(Contexts.java:86)
	at io.grpc.PartialForwardingServerCallListener.onHalfClose(PartialForwardingServerCallListener.java:35)
	at io.grpc.ForwardingServerCallListener.onHalfClose(ForwardingServerCallListener.java:23)
	at io.grpc.ForwardingServerCallListener$SimpleForwardingServerCallListener.onHalfClose(ForwardingServerCallListener.java:40)
	at io.grpc.Contexts$ContextualizedServerCallListener.onHalfClose(Contexts.java:86)
	at io.grpc.internal.ServerCallImpl$ServerStreamListenerImpl.halfClosed(ServerCallImpl.java:356)
	at io.grpc.internal.ServerImpl$JumpToApplicationThreadServerStreamListener$1HalfClosed.runInContext(ServerImpl.java:861)
	at io.grpc.internal.ContextRunnable.run(ContextRunnable.java:37)
	at io.grpc.internal.SerializingExecutor.run(SerializingExecutor.java:133)
	at java.base/java.util.concurrent.ThreadPoolExecutor.runWorker(ThreadPoolExecutor.java:1144)
	at java.base/java.util.concurrent.ThreadPoolExecutor$Worker.run(ThreadPoolExecutor.java:642)
	at java.base/java.lang.Thread.run(Thread.java:1570)

Jul 15, 2024 11:21:30 AM io.gapi.emulators.netty.HttpHandler$1 onError
INFO: Exception when handling request: INVALID_ARGUMENT: Document parent name "projects/mental-workload-app/databases/(default)/documents/tbl_users/ANAaqvzIjAam0xdTFVnUYql2XYS2/mwl" lacks "/" at index 101.
Jul 15, 2024 11:21:38 AM io.gapi.emulators.netty.HttpVersionRoutingHandler channelRead
INFO: Detected non-HTTP/2 connection.
Jul 15, 2024 11:21:38 AM io.gapi.emulators.netty.HttpVersionRoutingHandler channelRead
INFO: Detected non-HTTP/2 connection.
Jul 15, 2024 11:21:38 AM io.gapi.emulators.netty.HttpVersionRoutingHandler channelRead
INFO: Detected non-HTTP/2 connection.
Jul 15, 2024 11:21:38 AM io.gapi.emulators.netty.HttpVersionRoutingHandler channelRead
INFO: Detected non-HTTP/2 connection.
Jul 15, 2024 11:21:38 AM com.google.cloud.datastore.emulator.impl.util.WrappedStreamObserver onError
WARNING: Operation failed: Document parent name "projects/mental-workload-app/databases/(default)/documents/tbl_users/ANAaqvzIjAam0xdTFVnUYql2XYS2/mwl" lacks "/" at index 101.
com.google.cloud.datastore.core.exception.InvalidConversionException: Document parent name "projects/mental-workload-app/databases/(default)/documents/tbl_users/ANAaqvzIjAam0xdTFVnUYql2XYS2/mwl" lacks "/" at index 101.
	at com.google.cloud.datastore.core.exception.InvalidConversionException.checkConversion(InvalidConversionException.java:51)
	at com.google.cloud.datastore.core.firestorev1.converter.FirestoreV1ResourceNameParser.parseSlashAllowTrailing(FirestoreV1ResourceNameParser.java:132)
	at com.google.cloud.datastore.core.firestorev1.converter.FirestoreV1ResourceNameParser.parseSlash(FirestoreV1ResourceNameParser.java:127)
	at com.google.cloud.datastore.core.firestorev1.converter.FirestoreV1ResourceRefToRepConverter.parsePath(FirestoreV1ResourceRefToRepConverter.java:306)
	at com.google.cloud.datastore.core.firestorev1.converter.FirestoreV1ResourceRefToRepConverter.convertEntityParentRefAllowFirestoreRelative(FirestoreV1ResourceRefToRepConverter.java:87)
	at com.google.cloud.datastore.core.firestorev1.converter.FirestoreV1RequestToRepConverter.constructNewEntityRef(FirestoreV1RequestToRepConverter.java:449)
	at com.google.cloud.datastore.emulator.impl.util.FirestoreEmulatorConverters.toEntityRef(FirestoreEmulatorConverters.java:495)
	at com.google.cloud.datastore.emulator.impl.firestore.CloudFirestoreV1Router.inferDatabaseRef(CloudFirestoreV1Router.java:507)
	at com.google.cloud.datastore.emulator.impl.firestore.CloudFirestoreV1Router.createDocument(CloudFirestoreV1Router.java:138)
	at com.google.cloud.datastore.emulator.firestore.v1.FirestoreV1GrpcAdapter$1.lambda$createDocument$3(FirestoreV1GrpcAdapter.java:124)
	at com.google.cloud.datastore.emulator.firestore.v1.FirestoreV1GrpcAdapter.unary(FirestoreV1GrpcAdapter.java:70)
	at com.google.cloud.datastore.emulator.firestore.v1.FirestoreV1GrpcAdapter$1.createDocument(FirestoreV1GrpcAdapter.java:124)
	at com.google.firestore.v1.FirestoreGrpc$MethodHandlers.invoke(FirestoreGrpc.java:1266)
	at io.grpc.stub.ServerCalls$UnaryServerCallHandler$UnaryServerCallListener.onHalfClose(ServerCalls.java:182)
	at io.grpc.PartialForwardingServerCallListener.onHalfClose(PartialForwardingServerCallListener.java:35)
	at io.grpc.ForwardingServerCallListener.onHalfClose(ForwardingServerCallListener.java:23)
	at io.grpc.ForwardingServerCallListener$SimpleForwardingServerCallListener.onHalfClose(ForwardingServerCallListener.java:40)
	at io.grpc.Contexts$ContextualizedServerCallListener.onHalfClose(Contexts.java:86)
	at io.grpc.PartialForwardingServerCallListener.onHalfClose(PartialForwardingServerCallListener.java:35)
	at io.grpc.ForwardingServerCallListener.onHalfClose(ForwardingServerCallListener.java:23)
	at io.grpc.ForwardingServerCallListener$SimpleForwardingServerCallListener.onHalfClose(ForwardingServerCallListener.java:40)
	at io.grpc.Contexts$ContextualizedServerCallListener.onHalfClose(Contexts.java:86)
	at io.grpc.internal.ServerCallImpl$ServerStreamListenerImpl.halfClosed(ServerCallImpl.java:356)
	at io.grpc.internal.ServerImpl$JumpToApplicationThreadServerStreamListener$1HalfClosed.runInContext(ServerImpl.java:861)
	at io.grpc.internal.ContextRunnable.run(ContextRunnable.java:37)
	at io.grpc.internal.SerializingExecutor.run(SerializingExecutor.java:133)
	at java.base/java.util.concurrent.ThreadPoolExecutor.runWorker(ThreadPoolExecutor.java:1144)
	at java.base/java.util.concurrent.ThreadPoolExecutor$Worker.run(ThreadPoolExecutor.java:642)
	at java.base/java.lang.Thread.run(Thread.java:1570)

Jul 15, 2024 11:21:38 AM io.gapi.emulators.netty.HttpHandler$1 onError
INFO: Exception when handling request: INVALID_ARGUMENT: Document parent name "projects/mental-workload-app/databases/(default)/documents/tbl_users/ANAaqvzIjAam0xdTFVnUYql2XYS2/mwl" lacks "/" at index 101.
Jul 15, 2024 11:21:45 AM com.google.cloud.datastore.emulator.impl.util.WrappedStreamObserver onError
WARNING: Operation failed: Document parent name "projects/mental-workload-app/databases/(default)/documents/tbl_users/ANAaqvzIjAam0xdTFVnUYql2XYS2/mwl" lacks "/" at index 101.
com.google.cloud.datastore.core.exception.InvalidConversionException: Document parent name "projects/mental-workload-app/databases/(default)/documents/tbl_users/ANAaqvzIjAam0xdTFVnUYql2XYS2/mwl" lacks "/" at index 101.
	at com.google.cloud.datastore.core.exception.InvalidConversionException.checkConversion(InvalidConversionException.java:51)
	at com.google.cloud.datastore.core.firestorev1.converter.FirestoreV1ResourceNameParser.parseSlashAllowTrailing(FirestoreV1ResourceNameParser.java:132)
	at com.google.cloud.datastore.core.firestorev1.converter.FirestoreV1ResourceNameParser.parseSlash(FirestoreV1ResourceNameParser.java:127)
	at com.google.cloud.datastore.core.firestorev1.converter.FirestoreV1ResourceRefToRepConverter.parsePath(FirestoreV1ResourceRefToRepConverter.java:306)
	at com.google.cloud.datastore.core.firestorev1.converter.FirestoreV1ResourceRefToRepConverter.convertEntityParentRefAllowFirestoreRelative(FirestoreV1ResourceRefToRepConverter.java:87)
	at com.google.cloud.datastore.core.firestorev1.converter.FirestoreV1RequestToRepConverter.constructNewEntityRef(FirestoreV1RequestToRepConverter.java:449)
	at com.google.cloud.datastore.emulator.impl.util.FirestoreEmulatorConverters.toEntityRef(FirestoreEmulatorConverters.java:495)
	at com.google.cloud.datastore.emulator.impl.firestore.CloudFirestoreV1Router.inferDatabaseRef(CloudFirestoreV1Router.java:507)
	at com.google.cloud.datastore.emulator.impl.firestore.CloudFirestoreV1Router.createDocument(CloudFirestoreV1Router.java:138)
	at com.google.cloud.datastore.emulator.firestore.v1.FirestoreV1GrpcAdapter$1.lambda$createDocument$3(FirestoreV1GrpcAdapter.java:124)
	at com.google.cloud.datastore.emulator.firestore.v1.FirestoreV1GrpcAdapter.unary(FirestoreV1GrpcAdapter.java:70)
	at com.google.cloud.datastore.emulator.firestore.v1.FirestoreV1GrpcAdapter$1.createDocument(FirestoreV1GrpcAdapter.java:124)
	at com.google.firestore.v1.FirestoreGrpc$MethodHandlers.invoke(FirestoreGrpc.java:1266)
	at io.grpc.stub.ServerCalls$UnaryServerCallHandler$UnaryServerCallListener.onHalfClose(ServerCalls.java:182)
	at io.grpc.PartialForwardingServerCallListener.onHalfClose(PartialForwardingServerCallListener.java:35)
	at io.grpc.ForwardingServerCallListener.onHalfClose(ForwardingServerCallListener.java:23)
	at io.grpc.ForwardingServerCallListener$SimpleForwardingServerCallListener.onHalfClose(ForwardingServerCallListener.java:40)
	at io.grpc.Contexts$ContextualizedServerCallListener.onHalfClose(Contexts.java:86)
	at io.grpc.PartialForwardingServerCallListener.onHalfClose(PartialForwardingServerCallListener.java:35)
	at io.grpc.ForwardingServerCallListener.onHalfClose(ForwardingServerCallListener.java:23)
	at io.grpc.ForwardingServerCallListener$SimpleForwardingServerCallListener.onHalfClose(ForwardingServerCallListener.java:40)
	at io.grpc.Contexts$ContextualizedServerCallListener.onHalfClose(Contexts.java:86)
	at io.grpc.internal.ServerCallImpl$ServerStreamListenerImpl.halfClosed(ServerCallImpl.java:356)
	at io.grpc.internal.ServerImpl$JumpToApplicationThreadServerStreamListener$1HalfClosed.runInContext(ServerImpl.java:861)
	at io.grpc.internal.ContextRunnable.run(ContextRunnable.java:37)
	at io.grpc.internal.SerializingExecutor.run(SerializingExecutor.java:133)
	at java.base/java.util.concurrent.ThreadPoolExecutor.runWorker(ThreadPoolExecutor.java:1144)
	at java.base/java.util.concurrent.ThreadPoolExecutor$Worker.run(ThreadPoolExecutor.java:642)
	at java.base/java.lang.Thread.run(Thread.java:1570)

Jul 15, 2024 11:21:45 AM io.gapi.emulators.netty.HttpHandler$1 onError
INFO: Exception when handling request: INVALID_ARGUMENT: Document parent name "projects/mental-workload-app/databases/(default)/documents/tbl_users/ANAaqvzIjAam0xdTFVnUYql2XYS2/mwl" lacks "/" at index 101.
Jul 15, 2024 11:22:01 AM com.google.cloud.datastore.emulator.impl.util.WrappedStreamObserver onError
WARNING: Operation failed: Document parent name "projects/mental-workload-app/databases/(default)/documents/tbl_users/ANAaqvzIjAam0xdTFVnUYql2XYS2/mwl" lacks "/" at index 101.
com.google.cloud.datastore.core.exception.InvalidConversionException: Document parent name "projects/mental-workload-app/databases/(default)/documents/tbl_users/ANAaqvzIjAam0xdTFVnUYql2XYS2/mwl" lacks "/" at index 101.
	at com.google.cloud.datastore.core.exception.InvalidConversionException.checkConversion(InvalidConversionException.java:51)
	at com.google.cloud.datastore.core.firestorev1.converter.FirestoreV1ResourceNameParser.parseSlashAllowTrailing(FirestoreV1ResourceNameParser.java:132)
	at com.google.cloud.datastore.core.firestorev1.converter.FirestoreV1ResourceNameParser.parseSlash(FirestoreV1ResourceNameParser.java:127)
	at com.google.cloud.datastore.core.firestorev1.converter.FirestoreV1ResourceRefToRepConverter.parsePath(FirestoreV1ResourceRefToRepConverter.java:306)
	at com.google.cloud.datastore.core.firestorev1.converter.FirestoreV1ResourceRefToRepConverter.convertEntityParentRefAllowFirestoreRelative(FirestoreV1ResourceRefToRepConverter.java:87)
	at com.google.cloud.datastore.core.firestorev1.converter.FirestoreV1RequestToRepConverter.constructNewEntityRef(FirestoreV1RequestToRepConverter.java:449)
	at com.google.cloud.datastore.emulator.impl.util.FirestoreEmulatorConverters.toEntityRef(FirestoreEmulatorConverters.java:495)
	at com.google.cloud.datastore.emulator.impl.firestore.CloudFirestoreV1Router.inferDatabaseRef(CloudFirestoreV1Router.java:507)
	at com.google.cloud.datastore.emulator.impl.firestore.CloudFirestoreV1Router.createDocument(CloudFirestoreV1Router.java:138)
	at com.google.cloud.datastore.emulator.firestore.v1.FirestoreV1GrpcAdapter$1.lambda$createDocument$3(FirestoreV1GrpcAdapter.java:124)
	at com.google.cloud.datastore.emulator.firestore.v1.FirestoreV1GrpcAdapter.unary(FirestoreV1GrpcAdapter.java:70)
	at com.google.cloud.datastore.emulator.firestore.v1.FirestoreV1GrpcAdapter$1.createDocument(FirestoreV1GrpcAdapter.java:124)
	at com.google.firestore.v1.FirestoreGrpc$MethodHandlers.invoke(FirestoreGrpc.java:1266)
	at io.grpc.stub.ServerCalls$UnaryServerCallHandler$UnaryServerCallListener.onHalfClose(ServerCalls.java:182)
	at io.grpc.PartialForwardingServerCallListener.onHalfClose(PartialForwardingServerCallListener.java:35)
	at io.grpc.ForwardingServerCallListener.onHalfClose(ForwardingServerCallListener.java:23)
	at io.grpc.ForwardingServerCallListener$SimpleForwardingServerCallListener.onHalfClose(ForwardingServerCallListener.java:40)
	at io.grpc.Contexts$ContextualizedServerCallListener.onHalfClose(Contexts.java:86)
	at io.grpc.PartialForwardingServerCallListener.onHalfClose(PartialForwardingServerCallListener.java:35)
	at io.grpc.ForwardingServerCallListener.onHalfClose(ForwardingServerCallListener.java:23)
	at io.grpc.ForwardingServerCallListener$SimpleForwardingServerCallListener.onHalfClose(ForwardingServerCallListener.java:40)
	at io.grpc.Contexts$ContextualizedServerCallListener.onHalfClose(Contexts.java:86)
	at io.grpc.internal.ServerCallImpl$ServerStreamListenerImpl.halfClosed(ServerCallImpl.java:356)
	at io.grpc.internal.ServerImpl$JumpToApplicationThreadServerStreamListener$1HalfClosed.runInContext(ServerImpl.java:861)
	at io.grpc.internal.ContextRunnable.run(ContextRunnable.java:37)
	at io.grpc.internal.SerializingExecutor.run(SerializingExecutor.java:133)
	at java.base/java.util.concurrent.ThreadPoolExecutor.runWorker(ThreadPoolExecutor.java:1144)
	at java.base/java.util.concurrent.ThreadPoolExecutor$Worker.run(ThreadPoolExecutor.java:642)
	at java.base/java.lang.Thread.run(Thread.java:1570)

Jul 15, 2024 11:22:01 AM io.gapi.emulators.netty.HttpHandler$1 onError
INFO: Exception when handling request: INVALID_ARGUMENT: Document parent name "projects/mental-workload-app/databases/(default)/documents/tbl_users/ANAaqvzIjAam0xdTFVnUYql2XYS2/mwl" lacks "/" at index 101.
Jul 15, 2024 11:22:03 AM io.gapi.emulators.netty.HttpVersionRoutingHandler channelRead
INFO: Detected non-HTTP/2 connection.
Jul 15, 2024 11:22:03 AM com.google.cloud.datastore.emulator.firestore.webchannel.FirestoreV1WebChannelAdapter$FirestoreListenHandler onClose
INFO: channel closed
Jul 15, 2024 11:27:54 AM io.gapi.emulators.netty.HttpVersionRoutingHandler channelRead
INFO: Detected HTTP/2 connection.
Jul 15, 2024 11:28:09 AM io.gapi.emulators.netty.HttpVersionRoutingHandler channelRead
INFO: Detected non-HTTP/2 connection.
Jul 15, 2024 11:28:09 AM io.gapi.emulators.netty.HttpVersionRoutingHandler channelRead
INFO: Detected non-HTTP/2 connection.
Jul 15, 2024 11:28:09 AM io.gapi.emulators.netty.HttpVersionRoutingHandler channelRead
INFO: Detected non-HTTP/2 connection.
Jul 15, 2024 11:28:10 AM io.gapi.emulators.netty.HttpVersionRoutingHandler channelRead
INFO: Detected non-HTTP/2 connection.
Jul 15, 2024 11:28:11 AM io.gapi.emulators.netty.HttpVersionRoutingHandler channelRead
INFO: Detected non-HTTP/2 connection.
Jul 15, 2024 11:28:12 AM io.gapi.emulators.netty.HttpVersionRoutingHandler channelRead
INFO: Detected non-HTTP/2 connection.
Jul 15, 2024 11:28:23 AM io.gapi.emulators.netty.HttpVersionRoutingHandler channelRead
INFO: Detected non-HTTP/2 connection.
Jul 15, 2024 11:28:23 AM com.google.cloud.datastore.emulator.firestore.webchannel.FirestoreV1WebChannelAdapter$FirestoreListenHandler onClose
INFO: channel closed
Jul 15, 2024 11:30:14 AM io.gapi.emulators.netty.HttpVersionRoutingHandler channelRead
INFO: Detected HTTP/2 connection.
Jul 15, 2024 11:31:28 AM io.gapi.emulators.netty.HttpVersionRoutingHandler channelRead
INFO: Detected HTTP/2 connection.
Jul 15, 2024 12:59:59 PM com.google.cloud.datastore.emulator.firestore.websocket.WebSocketChannelHandler channelClosed
INFO: Websocket client disconnected
